2021-11-23 17:03:46 [main] ERROR
			epam.jwdshape.reader.impl.ConeFileReader - There is no file path to read data
2021-11-23 17:04:20 [main] ERROR
			epam.jwdshape.reader.impl.ConeFileReader - There is no file path to read data
2021-11-23 17:10:53 [main] ERROR
			epam.jwdshape.reader.impl.ConeFileReader - There is no file path to read data
2021-11-23 17:14:32 [main] ERROR
			epam.jwdshape.reader.impl.ConeFileReader - There is no file path to read data
2021-11-23 17:20:05 [main] INFO 
			epam.jwdshape.reader.impl.ConeFileReader - File read successfully
2021-11-23 17:20:05 [main] WARN 
			epam.jwdshape.validator.impl.ConeParametersValidatorImpl - Not validated. Wrong radius or height value.
2021-11-23 17:20:05 [main] WARN 
			epam.jwdshape.validator.impl.ConeParametersValidatorImpl - Not validated. Wrong coordinate of cone.
2021-11-23 17:20:05 [main] INFO 
			by.epam.jwdshape.factory.ConeFactory - New Cone created successfully
2021-11-23 17:20:05 [main] INFO 
			by.epam.jwdshape.factory.ConeFactory - New Cone created successfully
2021-11-23 17:20:05 [main] INFO 
			by.epam.jwdshape.factory.ConeFactory - New Cone created successfully
2021-11-23 17:20:05 [main] INFO 
			by.epam.jwdshape.factory.ConeFactory - New Cone created successfully
2021-11-23 17:20:05 [main] INFO 
			by.epam.jwdshape.factory.ConeFactory - New Cone created successfully
2021-11-23 17:20:05 [main] INFO 
			by.epam.jwdshape.factory.ConeFactory - New Cone created successfully
2021-11-23 23:17:10 [main] INFO 
			epam.jwdshape.reader.impl.ConeFileReader - File read successfully
2021-11-23 23:17:10 [main] WARN 
			epam.jwdshape.validator.impl.ConeParametersValidatorImpl - Not validated. Wrong radius or height value.
2021-11-23 23:17:10 [main] WARN 
			epam.jwdshape.validator.impl.ConeParametersValidatorImpl - Not validated. Wrong coordinate of cone.
2021-11-23 23:17:10 [main] INFO 
			by.epam.jwdshape.factory.ConeFactory - New Cone created successfully
2021-11-23 23:17:10 [main] INFO 
			by.epam.jwdshape.factory.ConeFactory - New Cone created successfully
2021-11-23 23:17:10 [main] INFO 
			by.epam.jwdshape.factory.ConeFactory - New Cone created successfully
2021-11-23 23:17:10 [main] INFO 
			by.epam.jwdshape.factory.ConeFactory - New Cone created successfully
2021-11-23 23:17:10 [main] INFO 
			by.epam.jwdshape.factory.ConeFactory - New Cone created successfully
2021-11-23 23:17:10 [main] INFO 
			by.epam.jwdshape.factory.ConeFactory - New Cone created successfully
